INFO 2024-04-03 23:32:14,839 autoreload 9704 8108 Watching for file changes with StatReloader
INFO 2024-04-03 23:33:19,071 autoreload 15080 6064 Watching for file changes with StatReloader
INFO 2024-04-03 23:33:46,045 autoreload 1368 7616 Watching for file changes with StatReloader
INFO 2024-04-04 23:19:42,491 autoreload 2656 10376 Watching for file changes with StatReloader
INFO 2024-04-08 23:08:14,636 autoreload 13316 10224 Watching for file changes with StatReloader
INFO 2024-04-08 23:09:23,204 autoreload 12200 13636 Watching for file changes with StatReloader
INFO 2024-04-08 23:14:54,339 autoreload 15048 1916 Watching for file changes with StatReloader
INFO 2024-04-08 23:19:25,162 autoreload 15048 1916 C:\python_projects\FrameworkDjango\myproject\myapp3\views.py changed, reloading.
INFO 2024-04-08 23:19:30,309 autoreload 13144 4896 Watching for file changes with StatReloader
INFO 2024-04-08 23:20:42,860 autoreload 13144 4896 C:\python_projects\FrameworkDjango\myproject\myapp3\views.py changed, reloading.
INFO 2024-04-08 23:20:47,895 autoreload 15564 4100 Watching for file changes with StatReloader
INFO 2024-04-08 23:23:21,370 autoreload 12548 1564 Watching for file changes with StatReloader
INFO 2024-04-12 22:30:07,377 autoreload 6220 5680 Watching for file changes with StatReloader
INFO 2024-04-12 22:35:14,461 autoreload 6220 5680 C:\python_projects\FrameworkDjango\myproject\myapp3\models.py changed, reloading.
INFO 2024-04-12 22:35:16,195 autoreload 5332 9988 Watching for file changes with StatReloader
INFO 2024-04-12 22:35:39,942 autoreload 5332 9988 C:\python_projects\FrameworkDjango\myproject\myapp3\models.py changed, reloading.
INFO 2024-04-12 22:35:41,080 autoreload 8656 13972 Watching for file changes with StatReloader
INFO 2024-04-12 22:35:59,364 autoreload 8656 13972 C:\python_projects\FrameworkDjango\myproject\myapp3\models.py changed, reloading.
INFO 2024-04-12 22:36:01,245 autoreload 12508 7780 Watching for file changes with StatReloader
INFO 2024-04-12 22:43:41,184 autoreload 3904 12008 Watching for file changes with StatReloader
INFO 2024-04-12 22:48:49,501 autoreload 12656 1964 Watching for file changes with StatReloader
INFO 2024-04-12 22:49:31,888 autoreload 13800 5988 Watching for file changes with StatReloader
INFO 2024-04-12 22:50:41,239 autoreload 10664 32 Watching for file changes with StatReloader
INFO 2024-04-12 22:52:59,732 autoreload 13272 3600 Watching for file changes with StatReloader
INFO 2024-04-12 23:03:02,354 autoreload 6616 3816 Watching for file changes with StatReloader
INFO 2024-04-12 23:06:53,125 autoreload 6616 3816 C:\python_projects\FrameworkDjango\myproject\myapp3\views.py changed, reloading.
INFO 2024-04-12 23:06:54,028 autoreload 6624 9564 Watching for file changes with StatReloader
INFO 2024-04-12 23:07:12,946 autoreload 3816 6616 Watching for file changes with StatReloader
INFO 2024-04-12 23:08:00,855 autoreload 12420 8792 Watching for file changes with StatReloader
INFO 2024-04-12 23:09:40,597 autoreload 12420 8792 C:\python_projects\FrameworkDjango\myproject\myproject\urls.py changed, reloading.
INFO 2024-04-12 23:09:47,068 autoreload 5892 12496 Watching for file changes with StatReloader
INFO 2024-04-12 23:13:04,972 autoreload 8808 2988 Watching for file changes with StatReloader
INFO 2024-04-12 23:14:27,725 autoreload 8976 10444 Watching for file changes with StatReloader
INFO 2024-04-12 23:14:32,078 basehttp 8976 7340 "GET / HTTP/1.1" 200 310
WARNING 2024-04-12 23:14:32,611 log 8976 7340 Not Found: /favicon.ico
WARNING 2024-04-12 23:14:32,614 basehttp 8976 7340 "GET /favicon.ico HTTP/1.1" 404 2530
INFO 2024-04-13 13:23:33,096 autoreload 10956 4196 Watching for file changes with StatReloader
INFO 2024-04-13 13:23:35,642 basehttp 10956 14332 "GET / HTTP/1.1" 200 310
WARNING 2024-04-13 13:23:36,081 log 10956 14332 Not Found: /favicon.ico
WARNING 2024-04-13 13:23:36,082 basehttp 10956 14332 "GET /favicon.ico HTTP/1.1" 404 2530
INFO 2024-04-13 13:24:03,496 basehttp 10956 14332 "GET /les4/user/add HTTP/1.1" 301 0
ERROR 2024-04-13 13:24:03,798 log 10956 828 Internal Server Error: /les4/user/add/
Traceback (most recent call last):
  File "C:\python_projects\FrameworkDjango\venv\Lib\site-packages\django\core\handlers\exception.py", line 55, in inner
    response = get_response(request)
               ^^^^^^^^^^^^^^^^^^^^^
  File "C:\python_projects\FrameworkDjango\venv\Lib\site-packages\django\core\handlers\base.py", line 197, in _get_response
    response = wrapped_callback(request, *callback_args, **callback_kwargs)
               ^^^^^^^^^^^^^^^^^^^^^^^^^^^^^^^^^^^^^^^^^^^^^^^^^^^^^^^^^^^^
  File "C:\python_projects\FrameworkDjango\myproject\myapp4\views.py", line 20, in user_form
    return render(request, 'myapp4/user_form.html', {'form': form})
           ^^^^^^^^^^^^^^^^^^^^^^^^^^^^^^^^^^^^^^^^^^^^^^^^^^^^^^^^
  File "C:\python_projects\FrameworkDjango\venv\Lib\site-packages\django\shortcuts.py", line 25, in render
    content = loader.render_to_string(template_name, context, request, using=using)
              ^^^^^^^^^^^^^^^^^^^^^^^^^^^^^^^^^^^^^^^^^^^^^^^^^^^^^^^^^^^^^^^^^^^^^
  File "C:\python_projects\FrameworkDjango\venv\Lib\site-packages\django\template\loader.py", line 61, in render_to_string
    template = get_template(template_name, using=using)
               ^^^^^^^^^^^^^^^^^^^^^^^^^^^^^^^^^^^^^^^^
  File "C:\python_projects\FrameworkDjango\venv\Lib\site-packages\django\template\loader.py", line 15, in get_template
    return engine.get_template(template_name)
           ^^^^^^^^^^^^^^^^^^^^^^^^^^^^^^^^^^
  File "C:\python_projects\FrameworkDjango\venv\Lib\site-packages\django\template\backends\django.py", line 33, in get_template
    return Template(self.engine.get_template(template_name), self)
                    ^^^^^^^^^^^^^^^^^^^^^^^^^^^^^^^^^^^^^^^
  File "C:\python_projects\FrameworkDjango\venv\Lib\site-packages\django\template\engine.py", line 177, in get_template
    template, origin = self.find_template(template_name)
                       ^^^^^^^^^^^^^^^^^^^^^^^^^^^^^^^^^
  File "C:\python_projects\FrameworkDjango\venv\Lib\site-packages\django\template\engine.py", line 159, in find_template
    template = loader.get_template(name, skip=skip)
               ^^^^^^^^^^^^^^^^^^^^^^^^^^^^^^^^^^^^
  File "C:\python_projects\FrameworkDjango\venv\Lib\site-packages\django\template\loaders\cached.py", line 57, in get_template
    template = super().get_template(template_name, skip)
               ^^^^^^^^^^^^^^^^^^^^^^^^^^^^^^^^^^^^^^^^^
  File "C:\python_projects\FrameworkDjango\venv\Lib\site-packages\django\template\loaders\base.py", line 28, in get_template
    return Template(
           ^^^^^^^^^
  File "C:\python_projects\FrameworkDjango\venv\Lib\site-packages\django\template\base.py", line 154, in __init__
    self.nodelist = self.compile_nodelist()
                    ^^^^^^^^^^^^^^^^^^^^^^^
  File "C:\python_projects\FrameworkDjango\venv\Lib\site-packages\django\template\base.py", line 196, in compile_nodelist
    return parser.parse()
           ^^^^^^^^^^^^^^
  File "C:\python_projects\FrameworkDjango\venv\Lib\site-packages\django\template\base.py", line 510, in parse
    raise self.error(token, e)
  File "C:\python_projects\FrameworkDjango\venv\Lib\site-packages\django\template\base.py", line 508, in parse
    compiled_result = compile_func(self, token)
                      ^^^^^^^^^^^^^^^^^^^^^^^^^
  File "C:\python_projects\FrameworkDjango\venv\Lib\site-packages\django\template\loader_tags.py", line 294, in do_extends
    parent_name = parser.compile_filter(bits[1])
                  ^^^^^^^^^^^^^^^^^^^^^^^^^^^^^^
  File "C:\python_projects\FrameworkDjango\venv\Lib\site-packages\django\template\base.py", line 597, in compile_filter
    return FilterExpression(token, self)
           ^^^^^^^^^^^^^^^^^^^^^^^^^^^^^
  File "C:\python_projects\FrameworkDjango\venv\Lib\site-packages\django\template\base.py", line 698, in __init__
    raise TemplateSyntaxError(
django.template.exceptions.TemplateSyntaxError: Could not parse the remainder: ''base.html' from ''base.html'
ERROR 2024-04-13 13:24:03,811 basehttp 10956 828 "GET /les4/user/add/ HTTP/1.1" 500 140595
INFO 2024-04-13 13:25:52,544 basehttp 10956 828 "GET /les4/user/add/ HTTP/1.1" 200 607
INFO 2024-04-13 13:32:43,611 basehttp 10956 12752 "GET /les4/user/add/ HTTP/1.1" 200 821
INFO 2024-04-13 13:34:02,485 basehttp 10956 12752 "GET /les4/user/add/?csrfmiddlewaretoken=RGUgzuaqxcASnRfIQayukUH8rYbYRajMOBNtBA1Twz1SQZddepLlV38zdea4EKn0&name=Serg&email=Sergyk87%40yandex.ru&age=37 HTTP/1.1" 200 821
INFO 2024-04-13 13:38:58,099 autoreload 10956 4196 C:\python_projects\FrameworkDjango\myproject\myapp4\forms.py changed, reloading.
INFO 2024-04-13 13:39:00,511 autoreload 11916 3244 Watching for file changes with StatReloader
INFO 2024-04-13 13:42:00,981 autoreload 11916 3244 C:\python_projects\FrameworkDjango\myproject\myapp4\views.py changed, reloading.
INFO 2024-04-13 13:42:02,990 autoreload 12368 13448 Watching for file changes with StatReloader
INFO 2024-04-13 13:42:40,050 autoreload 12368 13448 C:\python_projects\FrameworkDjango\myproject\myapp4\views.py changed, reloading.
INFO 2024-04-13 13:42:41,097 autoreload 12364 7740 Watching for file changes with StatReloader
INFO 2024-04-13 13:43:13,277 autoreload 12364 7740 C:\python_projects\FrameworkDjango\myproject\myapp4\views.py changed, reloading.
INFO 2024-04-13 13:43:14,701 autoreload 8664 3808 Watching for file changes with StatReloader
INFO 2024-04-13 13:46:22,093 autoreload 8664 3808 C:\python_projects\FrameworkDjango\myproject\myapp4\views.py changed, reloading.
INFO 2024-04-13 13:46:23,511 autoreload 7752 3424 Watching for file changes with StatReloader
INFO 2024-04-13 13:49:29,582 autoreload 7752 3424 C:\python_projects\FrameworkDjango\myproject\myapp4\urls.py changed, reloading.
INFO 2024-04-13 13:49:31,007 autoreload 552 1272 Watching for file changes with StatReloader
INFO 2024-04-13 13:51:25,758 basehttp 552 13912 "GET /les4/user/add/?csrfmiddlewaretoken=RGUgzuaqxcASnRfIQayukUH8rYbYRajMOBNtBA1Twz1SQZddepLlV38zdea4EKn0&name=Serg&email=Sergyk87%40yandex.ru&age=37 HTTP/1.1" 200 821
INFO 2024-04-13 13:51:27,469 basehttp 552 13912 "GET /les4/user/add/?csrfmiddlewaretoken=RGUgzuaqxcASnRfIQayukUH8rYbYRajMOBNtBA1Twz1SQZddepLlV38zdea4EKn0&name=Serg&email=Sergyk87%40yandex.ru&age=37 HTTP/1.1" 200 821
WARNING 2024-04-13 13:51:55,466 log 552 13912 Not Found: /forms
WARNING 2024-04-13 13:51:55,467 basehttp 552 13912 "GET /forms HTTP/1.1" 404 2512
INFO 2024-04-13 13:52:47,010 basehttp 552 13912 "GET /les4/forms HTTP/1.1" 301 0
INFO 2024-04-13 13:52:47,106 basehttp 552 12584 "GET /les4/forms/ HTTP/1.1" 200 1513
INFO 2024-04-13 13:54:27,018 basehttp 552 12584 "POST /les4/forms/ HTTP/1.1" 200 1593
INFO 2024-04-13 13:55:26,680 basehttp 552 12584 "POST /les4/forms/ HTTP/1.1" 200 1593
INFO 2024-04-13 14:00:00,438 autoreload 552 1272 C:\python_projects\FrameworkDjango\myproject\myapp4\forms.py changed, reloading.
INFO 2024-04-13 14:00:01,811 autoreload 14172 3956 Watching for file changes with StatReloader
INFO 2024-04-13 14:02:48,517 autoreload 14172 3956 C:\python_projects\FrameworkDjango\myproject\myapp4\forms.py changed, reloading.
INFO 2024-04-13 14:02:49,928 autoreload 11720 13908 Watching for file changes with StatReloader
INFO 2024-04-13 14:04:37,004 autoreload 11720 13908 C:\python_projects\FrameworkDjango\myproject\myapp4\forms.py changed, reloading.
INFO 2024-04-13 14:04:37,982 autoreload 12096 13492 Watching for file changes with StatReloader
INFO 2024-04-13 14:10:45,805 autoreload 4136 8972 Watching for file changes with StatReloader
INFO 2024-04-13 14:10:50,332 basehttp 4136 9176 "POST /les4/forms/ HTTP/1.1" 200 2292
INFO 2024-04-13 14:23:13,872 autoreload 4136 8972 C:\python_projects\FrameworkDjango\myproject\myapp4\forms.py changed, reloading.
INFO 2024-04-13 14:23:15,400 autoreload 4744 11560 Watching for file changes with StatReloader
INFO 2024-04-13 14:23:51,523 basehttp 4744 7204 "POST /les4/forms/ HTTP/1.1" 200 2292
INFO 2024-04-13 14:27:14,097 autoreload 4744 11560 C:\python_projects\FrameworkDjango\myproject\myapp4\forms.py changed, reloading.
INFO 2024-04-13 14:27:15,215 autoreload 9188 14136 Watching for file changes with StatReloader
INFO 2024-04-13 14:28:50,719 autoreload 9188 14136 C:\python_projects\FrameworkDjango\myproject\myapp4\forms.py changed, reloading.
INFO 2024-04-13 14:28:52,059 autoreload 2396 3212 Watching for file changes with StatReloader
INFO 2024-04-13 14:29:46,653 autoreload 2396 3212 C:\python_projects\FrameworkDjango\myproject\myapp4\forms.py changed, reloading.
INFO 2024-04-13 14:29:48,118 autoreload 12572 5256 Watching for file changes with StatReloader
INFO 2024-04-13 14:32:52,982 autoreload 12572 5256 C:\python_projects\FrameworkDjango\myproject\myapp4\models.py changed, reloading.
INFO 2024-04-13 14:32:54,203 autoreload 10352 13524 Watching for file changes with StatReloader
INFO 2024-04-13 14:33:04,514 autoreload 10352 13524 C:\python_projects\FrameworkDjango\myproject\myapp4\models.py changed, reloading.
INFO 2024-04-13 14:33:06,655 autoreload 10592 12248 Watching for file changes with StatReloader
INFO 2024-04-13 14:33:55,134 autoreload 10592 12248 C:\python_projects\FrameworkDjango\myproject\myapp4\models.py changed, reloading.
INFO 2024-04-13 14:45:02,914 autoreload 6184 12508 Watching for file changes with StatReloader
INFO 2024-04-13 14:45:13,908 basehttp 6184 13268 "POST /les4/forms/ HTTP/1.1" 200 2292
INFO 2024-04-13 14:45:23,120 basehttp 6184 13268 "GET /les4/user HTTP/1.1" 301 0
INFO 2024-04-13 14:45:23,152 basehttp 6184 14200 "GET /les4/user/ HTTP/1.1" 200 864
INFO 2024-04-13 14:45:34,792 basehttp 6184 14200 "POST /les4/user/ HTTP/1.1" 200 1030
INFO 2024-04-13 14:45:47,349 basehttp 6184 14200 "POST /les4/user/ HTTP/1.1" 200 1035
INFO 2024-04-13 14:45:56,308 basehttp 6184 14200 "POST /les4/user/ HTTP/1.1" 200 1035
INFO 2024-04-13 14:46:38,636 basehttp 6184 14200 "POST /les4/user/ HTTP/1.1" 200 926
INFO 2024-04-13 14:46:42,427 basehttp 6184 14200 "POST /les4/user/ HTTP/1.1" 200 926
INFO 2024-04-13 14:50:18,173 autoreload 6184 12508 C:\python_projects\FrameworkDjango\myproject\myapp4\forms.py changed, reloading.
INFO 2024-04-13 14:50:19,660 autoreload 7304 7600 Watching for file changes with StatReloader
INFO 2024-04-13 14:53:32,576 autoreload 7304 7600 C:\python_projects\FrameworkDjango\myproject\myproject\settings.py changed, reloading.
INFO 2024-04-13 14:53:34,818 autoreload 9276 12752 Watching for file changes with StatReloader
INFO 2024-04-13 14:55:23,419 autoreload 9276 12752 C:\python_projects\FrameworkDjango\myproject\myapp4\views.py changed, reloading.
INFO 2024-04-13 14:55:24,873 autoreload 9576 13976 Watching for file changes with StatReloader
INFO 2024-04-13 14:55:58,275 autoreload 9576 13976 C:\python_projects\FrameworkDjango\myproject\myapp4\views.py changed, reloading.
INFO 2024-04-13 14:55:59,602 autoreload 12644 2620 Watching for file changes with StatReloader
INFO 2024-04-13 14:58:58,703 autoreload 12644 2620 C:\python_projects\FrameworkDjango\myproject\myapp4\views.py changed, reloading.
INFO 2024-04-13 14:59:00,784 autoreload 6328 13744 Watching for file changes with StatReloader
INFO 2024-04-13 15:05:03,563 autoreload 8620 13824 Watching for file changes with StatReloader
INFO 2024-04-13 15:08:58,206 autoreload 8620 13824 C:\python_projects\FrameworkDjango\myproject\myapp4\views.py changed, reloading.
INFO 2024-04-13 15:08:59,149 autoreload 11640 12556 Watching for file changes with StatReloader
INFO 2024-04-13 15:09:23,430 basehttp 11640 12576 "GET /les4/upload HTTP/1.1" 301 0
INFO 2024-04-13 15:09:23,473 basehttp 11640 2988 "GET /les4/upload/ HTTP/1.1" 200 634
INFO 2024-04-13 15:11:29,268 basehttp 11640 2988 "POST /les4/upload/ HTTP/1.1" 200 634
INFO 2024-04-14 13:49:59,397 autoreload 8300 1112 Watching for file changes with StatReloader
INFO 2024-04-14 13:50:02,406 basehttp 8300 10496 "GET / HTTP/1.1" 200 310
WARNING 2024-04-14 13:50:02,930 log 8300 10496 Not Found: /favicon.ico
WARNING 2024-04-14 13:50:02,931 basehttp 8300 10496 "GET /favicon.ico HTTP/1.1" 404 2530
INFO 2024-04-14 13:50:12,541 basehttp 8300 7920 "GET /admin HTTP/1.1" 301 0
INFO 2024-04-14 13:50:12,596 basehttp 8300 10084 "GET /admin/ HTTP/1.1" 302 0
INFO 2024-04-14 13:50:12,771 basehttp 8300 10084 "GET /admin/login/?next=/admin/ HTTP/1.1" 200 4359
INFO 2024-04-14 13:50:13,132 basehttp 8300 1924 "GET /static/admin/css/nav_sidebar.css HTTP/1.1" 200 2810
INFO 2024-04-14 13:50:13,153 basehttp 8300 8664 "GET /static/admin/css/dark_mode.css HTTP/1.1" 200 2682
INFO 2024-04-14 13:50:13,166 basehttp 8300 1924 "GET /static/admin/js/nav_sidebar.js HTTP/1.1" 200 3063
INFO 2024-04-14 13:50:13,229 basehttp 8300 7944 "GET /static/admin/js/theme.js HTTP/1.1" 200 1943
INFO 2024-04-14 13:50:13,231 basehttp 8300 10084 "GET /static/admin/css/base.css HTTP/1.1" 200 21544
INFO 2024-04-14 13:50:13,236 basehttp 8300 9440 "GET /static/admin/css/responsive.css HTTP/1.1" 200 17905
INFO 2024-04-14 13:50:13,238 basehttp 8300 4488 "GET /static/admin/css/login.css HTTP/1.1" 200 958
INFO 2024-04-14 13:56:56,077 autoreload 10800 4684 Watching for file changes with StatReloader
INFO 2024-04-14 13:57:27,875 basehttp 10800 5696 "GET /admin/login/?next=/admin/ HTTP/1.1" 200 4359
INFO 2024-04-14 13:57:45,901 basehttp 10800 5696 "POST /admin/login/?next=/admin/ HTTP/1.1" 302 0
INFO 2024-04-14 13:57:45,951 basehttp 10800 5696 "GET /admin/ HTTP/1.1" 200 5944
INFO 2024-04-14 13:57:46,090 basehttp 10800 5696 "GET /static/admin/css/dashboard.css HTTP/1.1" 200 441
INFO 2024-04-14 13:57:46,114 basehttp 10800 8860 "GET /static/admin/img/icon-changelink.svg HTTP/1.1" 200 380
INFO 2024-04-14 13:57:46,115 basehttp 10800 5696 "GET /static/admin/img/icon-addlink.svg HTTP/1.1" 200 331
INFO 2024-04-14 15:05:07,194 autoreload 10188 6636 Watching for file changes with StatReloader
INFO 2024-04-14 15:05:08,883 basehttp 10188 936 "GET / HTTP/1.1" 200 310
INFO 2024-04-14 15:05:15,796 basehttp 10188 936 "GET /admin/ HTTP/1.1" 200 8199
INFO 2024-04-14 15:05:30,226 basehttp 10188 936 "GET /admin/ HTTP/1.1" 200 8199
INFO 2024-04-14 15:05:46,318 basehttp 10188 936 "GET /admin/ HTTP/1.1" 200 8199
INFO 2024-04-14 15:05:48,911 basehttp 10188 936 "GET /admin/myapp5/category/add/ HTTP/1.1" 200 9949
INFO 2024-04-14 15:05:49,008 basehttp 10188 12248 "GET /admin/jsi18n/ HTTP/1.1" 200 17546
INFO 2024-04-14 15:05:49,283 basehttp 10188 1832 "GET /static/admin/js/admin/RelatedObjectLookups.js HTTP/1.1" 200 9042
INFO 2024-04-14 15:05:49,310 basehttp 10188 1832 "GET /static/admin/js/urlify.js HTTP/1.1" 200 7887
INFO 2024-04-14 15:05:49,322 basehttp 10188 936 "GET /static/admin/css/forms.css HTTP/1.1" 200 9090
INFO 2024-04-14 15:05:49,340 basehttp 10188 1832 "GET /static/admin/js/prepopulate.js HTTP/1.1" 200 1531
INFO 2024-04-14 15:05:49,363 basehttp 10188 12776 "GET /static/admin/js/core.js HTTP/1.1" 200 6208
INFO 2024-04-14 15:05:49,364 basehttp 10188 12388 "GET /static/admin/js/jquery.init.js HTTP/1.1" 200 347
INFO 2024-04-14 15:05:49,369 basehttp 10188 12248 "GET /static/admin/js/actions.js HTTP/1.1" 200 8067
INFO 2024-04-14 15:05:49,376 basehttp 10188 1832 "GET /static/admin/css/widgets.css HTTP/1.1" 200 11800
INFO 2024-04-14 15:05:49,395 basehttp 10188 12388 "GET /static/admin/js/prepopulate_init.js HTTP/1.1" 200 586
INFO 2024-04-14 15:05:49,399 basehttp 10188 1768 "GET /static/admin/js/vendor/jquery/jquery.js HTTP/1.1" 200 285314
INFO 2024-04-14 15:05:49,435 basehttp 10188 1768 "GET /static/admin/js/change_form.js HTTP/1.1" 200 606
INFO 2024-04-14 15:05:49,520 basehttp 10188 936 "GET /static/admin/js/vendor/xregexp/xregexp.js HTTP/1.1" 200 325171
INFO 2024-04-14 15:05:55,543 basehttp 10188 936 "GET /admin/ HTTP/1.1" 200 8199
INFO 2024-04-14 15:09:51,746 autoreload 10188 6636 C:\python_projects\FrameworkDjango\myproject\myapp5\admin.py changed, reloading.
INFO 2024-04-14 15:09:53,235 autoreload 10056 12804 Watching for file changes with StatReloader
INFO 2024-04-14 15:11:39,520 autoreload 10056 12804 C:\python_projects\FrameworkDjango\myproject\myapp5\admin.py changed, reloading.
INFO 2024-04-14 15:11:40,683 autoreload 8808 10496 Watching for file changes with StatReloader
INFO 2024-04-14 15:11:48,612 basehttp 8808 9744 "GET /admin/ HTTP/1.1" 200 8199
INFO 2024-04-14 15:11:55,544 basehttp 8808 9744 "GET /admin/myapp5/product/add/ HTTP/1.1" 200 14259
INFO 2024-04-14 15:11:55,675 basehttp 8808 9744 "GET /admin/jsi18n/ HTTP/1.1" 200 17546
INFO 2024-04-14 15:11:55,860 basehttp 8808 9744 "GET /static/admin/img/icon-viewlink.svg HTTP/1.1" 200 581
INFO 2024-04-14 15:12:08,288 basehttp 8808 9744 "GET /admin/myapp5/category/add/?_to_field=id&_popup=1 HTTP/1.1" 200 4444
INFO 2024-04-14 15:12:08,335 basehttp 8808 9744 "GET /admin/jsi18n/ HTTP/1.1" 200 17546
INFO 2024-04-14 15:12:18,372 basehttp 8808 9744 "POST /admin/myapp5/category/add/?_to_field=id&_popup=1 HTTP/1.1" 200 458
INFO 2024-04-14 15:12:18,414 basehttp 8808 9744 "GET /static/admin/js/popup_response.js HTTP/1.1" 200 551
INFO 2024-04-14 15:12:34,949 basehttp 8808 9744 "POST /admin/myapp5/product/add/ HTTP/1.1" 302 0
INFO 2024-04-14 15:12:34,980 basehttp 8808 9744 "GET /admin/myapp5/product/add/ HTTP/1.1" 200 14610
INFO 2024-04-14 15:12:35,015 basehttp 8808 9744 "GET /admin/jsi18n/ HTTP/1.1" 200 17546
INFO 2024-04-14 15:12:35,073 basehttp 8808 9744 "GET /static/admin/img/icon-yes.svg HTTP/1.1" 200 436
INFO 2024-04-14 15:12:42,116 basehttp 8808 9744 "GET /admin/myapp5/category/add/?_to_field=id&_popup=1 HTTP/1.1" 200 4444
INFO 2024-04-14 15:12:42,170 basehttp 8808 9744 "GET /admin/jsi18n/ HTTP/1.1" 200 17546
INFO 2024-04-14 15:12:46,775 basehttp 8808 9744 "POST /admin/myapp5/category/add/?_to_field=id&_popup=1 HTTP/1.1" 200 385
INFO 2024-04-14 15:12:57,314 basehttp 8808 9744 "POST /admin/myapp5/product/add/ HTTP/1.1" 302 0
INFO 2024-04-14 15:12:57,345 basehttp 8808 9744 "GET /admin/myapp5/product/add/ HTTP/1.1" 200 14651
INFO 2024-04-14 15:12:57,582 basehttp 8808 9744 "GET /admin/jsi18n/ HTTP/1.1" 200 17546
INFO 2024-04-14 15:13:05,408 basehttp 8808 9744 "GET /admin/myapp5/category/add/?_to_field=id&_popup=1 HTTP/1.1" 200 4444
INFO 2024-04-14 15:13:05,461 basehttp 8808 9744 "GET /admin/jsi18n/ HTTP/1.1" 200 17546
INFO 2024-04-14 15:13:11,145 basehttp 8808 9744 "POST /admin/myapp5/category/add/?_to_field=id&_popup=1 HTTP/1.1" 200 403
INFO 2024-04-14 15:13:20,243 basehttp 8808 9744 "POST /admin/myapp5/product/add/ HTTP/1.1" 302 0
INFO 2024-04-14 15:13:20,359 basehttp 8808 9744 "GET /admin/myapp5/product/ HTTP/1.1" 200 12865
INFO 2024-04-14 15:13:20,439 basehttp 8808 9744 "GET /static/admin/css/changelists.css HTTP/1.1" 200 6811
INFO 2024-04-14 15:13:20,446 basehttp 8808 12368 "GET /admin/jsi18n/ HTTP/1.1" 200 17546
INFO 2024-04-14 15:13:20,514 basehttp 8808 12368 "GET /static/admin/js/filters.js HTTP/1.1" 200 978
INFO 2024-04-14 15:13:20,534 basehttp 8808 12368 "GET /static/admin/img/tooltag-add.svg HTTP/1.1" 200 331
INFO 2024-04-14 15:13:20,535 basehttp 8808 9744 "GET /static/admin/img/sorting-icons.svg HTTP/1.1" 200 1097
INFO 2024-04-14 15:13:22,730 basehttp 8808 9744 "GET /admin/myapp5/product/?o=1.2.-3 HTTP/1.1" 200 13184
INFO 2024-04-14 15:13:22,908 basehttp 8808 9744 "GET /admin/jsi18n/ HTTP/1.1" 200 17546
INFO 2024-04-14 15:13:24,447 basehttp 8808 9744 "GET /admin/myapp5/product/?o=-1.2.-3 HTTP/1.1" 200 13194
INFO 2024-04-14 15:13:24,480 basehttp 8808 9744 "GET /admin/jsi18n/ HTTP/1.1" 200 17546
INFO 2024-04-14 15:13:29,754 basehttp 8808 9744 "GET /admin/myapp5/product/?o=-1.-2.-3 HTTP/1.1" 200 13204
INFO 2024-04-14 15:13:29,863 basehttp 8808 9744 "GET /admin/jsi18n/ HTTP/1.1" 200 17546
INFO 2024-04-14 15:13:31,817 basehttp 8808 9744 "GET /admin/myapp5/product/?o=-1.-3 HTTP/1.1" 200 12777
INFO 2024-04-14 15:13:31,849 basehttp 8808 9744 "GET /admin/jsi18n/ HTTP/1.1" 200 17546
INFO 2024-04-14 15:13:38,794 basehttp 8808 9744 "GET /admin/myapp5/product/?o=-1.3 HTTP/1.1" 200 12769
INFO 2024-04-14 15:13:38,911 basehttp 8808 9744 "GET /admin/jsi18n/ HTTP/1.1" 200 17546
INFO 2024-04-14 15:13:39,743 basehttp 8808 9744 "GET /admin/myapp5/product/?o=-1.-3 HTTP/1.1" 200 12777
INFO 2024-04-14 15:13:39,777 basehttp 8808 9744 "GET /admin/jsi18n/ HTTP/1.1" 200 17546
INFO 2024-04-14 15:13:41,858 basehttp 8808 9744 "GET /admin/myapp5/product/?o=-1 HTTP/1.1" 200 12277
INFO 2024-04-14 15:13:41,970 basehttp 8808 9744 "GET /admin/jsi18n/ HTTP/1.1" 200 17546
INFO 2024-04-14 15:13:43,211 basehttp 8808 9744 "GET /admin/myapp5/product/?o=3.-1 HTTP/1.1" 200 12769
INFO 2024-04-14 15:13:43,263 basehttp 8808 9744 "GET /admin/jsi18n/ HTTP/1.1" 200 17546
INFO 2024-04-14 15:13:46,542 basehttp 8808 9744 "GET /admin/myapp5/product/?o=-3.-1 HTTP/1.1" 200 12777
INFO 2024-04-14 15:13:46,650 basehttp 8808 9744 "GET /admin/jsi18n/ HTTP/1.1" 200 17546
INFO 2024-04-14 15:13:47,472 basehttp 8808 9744 "GET /admin/myapp5/product/?o=3.-1 HTTP/1.1" 200 12769
INFO 2024-04-14 15:13:47,505 basehttp 8808 9744 "GET /admin/jsi18n/ HTTP/1.1" 200 17546
INFO 2024-04-14 15:13:48,346 basehttp 8808 9744 "GET /admin/myapp5/product/?o=-3.-1 HTTP/1.1" 200 12777
INFO 2024-04-14 15:13:48,480 basehttp 8808 9744 "GET /admin/jsi18n/ HTTP/1.1" 200 17546
INFO 2024-04-14 15:13:53,271 basehttp 8808 9744 "GET /admin/myapp5/product/?o=-1 HTTP/1.1" 200 12277
INFO 2024-04-14 15:13:53,333 basehttp 8808 9744 "GET /admin/jsi18n/ HTTP/1.1" 200 17546
INFO 2024-04-14 15:13:54,197 basehttp 8808 9744 "GET /admin/myapp5/product/?o=3.-1 HTTP/1.1" 200 12769
INFO 2024-04-14 15:13:54,321 basehttp 8808 9744 "GET /admin/jsi18n/ HTTP/1.1" 200 17546
INFO 2024-04-14 15:13:56,007 basehttp 8808 9744 "GET /admin/myapp5/product/?o=-3.-1 HTTP/1.1" 200 12777
INFO 2024-04-14 15:13:56,043 basehttp 8808 9744 "GET /admin/jsi18n/ HTTP/1.1" 200 17546
INFO 2024-04-14 15:13:57,230 basehttp 8808 9744 "GET /admin/myapp5/product/?o=3.-1 HTTP/1.1" 200 12769
INFO 2024-04-14 15:13:57,341 basehttp 8808 9744 "GET /admin/jsi18n/ HTTP/1.1" 200 17546
INFO 2024-04-14 15:14:02,532 basehttp 8808 9744 "GET /admin/myapp5/product/?o=2.3.-1 HTTP/1.1" 200 13184
INFO 2024-04-14 15:14:02,570 basehttp 8808 9744 "GET /admin/jsi18n/ HTTP/1.1" 200 17546
INFO 2024-04-14 15:14:03,975 basehttp 8808 9744 "GET /admin/myapp5/product/?o=1.2.3 HTTP/1.1" 200 13174
INFO 2024-04-14 15:14:04,135 basehttp 8808 9744 "GET /admin/jsi18n/ HTTP/1.1" 200 17546
INFO 2024-04-14 15:15:45,413 autoreload 8808 10496 C:\python_projects\FrameworkDjango\myproject\myapp5\admin.py changed, reloading.
INFO 2024-04-14 15:15:47,242 autoreload 1308 11460 Watching for file changes with StatReloader
INFO 2024-04-14 15:16:32,539 autoreload 1308 11460 C:\python_projects\FrameworkDjango\myproject\myapp5\admin.py changed, reloading.
INFO 2024-04-14 15:16:33,444 autoreload 3940 5384 Watching for file changes with StatReloader
INFO 2024-04-14 15:16:36,893 basehttp 3940 5008 "GET /admin/myapp5/product/?o=1.2.3 HTTP/1.1" 200 14786
INFO 2024-04-14 15:16:37,014 basehttp 3940 5008 "GET /admin/jsi18n/ HTTP/1.1" 200 17546
INFO 2024-04-14 15:23:20,604 autoreload 3940 5384 C:\python_projects\FrameworkDjango\myproject\myapp5\admin.py changed, reloading.
INFO 2024-04-14 15:23:22,593 autoreload 5320 6720 Watching for file changes with StatReloader
INFO 2024-04-14 15:27:46,106 autoreload 5320 6720 C:\python_projects\FrameworkDjango\myproject\myapp5\admin.py changed, reloading.
INFO 2024-04-14 15:27:47,249 autoreload 7628 12780 Watching for file changes with StatReloader
INFO 2024-04-14 15:29:07,941 autoreload 7628 12780 C:\python_projects\FrameworkDjango\myproject\myapp5\admin.py changed, reloading.
INFO 2024-04-14 15:29:09,251 autoreload 5340 12140 Watching for file changes with StatReloader
INFO 2024-04-14 15:29:49,870 basehttp 5340 5200 "GET /admin/myapp5/product/?o=1.2.3 HTTP/1.1" 200 15437
INFO 2024-04-14 15:29:49,913 basehttp 5340 5200 "GET /admin/jsi18n/ HTTP/1.1" 200 17546
INFO 2024-04-14 15:29:50,064 basehttp 5340 13136 "GET /static/admin/img/search.svg HTTP/1.1" 200 458
INFO 2024-04-14 15:33:51,493 autoreload 5340 12140 C:\python_projects\FrameworkDjango\myproject\myapp5\admin.py changed, reloading.
INFO 2024-04-14 15:33:53,191 autoreload 9164 6240 Watching for file changes with StatReloader
INFO 2024-04-14 15:34:47,238 basehttp 9164 10860 "GET /admin/myapp5/product/?o=1.2.3 HTTP/1.1" 200 15437
INFO 2024-04-14 15:34:47,273 basehttp 9164 10860 "GET /admin/jsi18n/ HTTP/1.1" 200 17546
ERROR 2024-04-14 15:34:50,577 log 9164 10860 Internal Server Error: /admin/myapp5/product/2/change/
Traceback (most recent call last):
  File "C:\python_projects\FrameworkDjango\venv\Lib\site-packages\django\contrib\admin\options.py", line 837, in get_form
    return modelform_factory(self.model, **defaults)
           ^^^^^^^^^^^^^^^^^^^^^^^^^^^^^^^^^^^^^^^^^
  File "C:\python_projects\FrameworkDjango\venv\Lib\site-packages\django\forms\models.py", line 652, in modelform_factory
    return type(form)(class_name, (form,), form_class_attrs)
           ^^^^^^^^^^^^^^^^^^^^^^^^^^^^^^^^^^^^^^^^^^^^^^^^^
  File "C:\python_projects\FrameworkDjango\venv\Lib\site-packages\django\forms\models.py", line 332, in __new__
    raise FieldError(message)
django.core.exceptions.FieldError: Unknown field(s) (raiting) specified for Product

During handling of the above exception, another exception occurred:

Traceback (most recent call last):
  File "C:\python_projects\FrameworkDjango\venv\Lib\site-packages\django\core\handlers\exception.py", line 55, in inner
    response = get_response(request)
               ^^^^^^^^^^^^^^^^^^^^^
  File "C:\python_projects\FrameworkDjango\venv\Lib\site-packages\django\core\handlers\base.py", line 197, in _get_response
    response = wrapped_callback(request, *callback_args, **callback_kwargs)
               ^^^^^^^^^^^^^^^^^^^^^^^^^^^^^^^^^^^^^^^^^^^^^^^^^^^^^^^^^^^^
  File "C:\python_projects\FrameworkDjango\venv\Lib\site-packages\django\contrib\admin\options.py", line 716, in wrapper
    return self.admin_site.admin_view(view)(*args, **kwargs)
           ^^^^^^^^^^^^^^^^^^^^^^^^^^^^^^^^^^^^^^^^^^^^^^^^^
  File "C:\python_projects\FrameworkDjango\venv\Lib\site-packages\django\utils\decorators.py", line 188, in _view_wrapper
    result = _process_exception(request, e)
             ^^^^^^^^^^^^^^^^^^^^^^^^^^^^^^
  File "C:\python_projects\FrameworkDjango\venv\Lib\site-packages\django\utils\decorators.py", line 186, in _view_wrapper
    response = view_func(request, *args, **kwargs)
               ^^^^^^^^^^^^^^^^^^^^^^^^^^^^^^^^^^^
  File "C:\python_projects\FrameworkDjango\venv\Lib\site-packages\django\views\decorators\cache.py", line 80, in _view_wrapper
    response = view_func(request, *args, **kwargs)
               ^^^^^^^^^^^^^^^^^^^^^^^^^^^^^^^^^^^
  File "C:\python_projects\FrameworkDjango\venv\Lib\site-packages\django\contrib\admin\sites.py", line 240, in inner
    return view(request, *args, **kwargs)
           ^^^^^^^^^^^^^^^^^^^^^^^^^^^^^^
  File "C:\python_projects\FrameworkDjango\venv\Lib\site-packages\django\contrib\admin\options.py", line 1948, in change_view
    return self.changeform_view(request, object_id, form_url, extra_context)
           ^^^^^^^^^^^^^^^^^^^^^^^^^^^^^^^^^^^^^^^^^^^^^^^^^^^^^^^^^^^^^^^^^
  File "C:\python_projects\FrameworkDjango\venv\Lib\site-packages\django\utils\decorators.py", line 48, in _wrapper
    return bound_method(*args, **kwargs)
           ^^^^^^^^^^^^^^^^^^^^^^^^^^^^^
  File "C:\python_projects\FrameworkDjango\venv\Lib\site-packages\django\utils\decorators.py", line 188, in _view_wrapper
    result = _process_exception(request, e)
             ^^^^^^^^^^^^^^^^^^^^^^^^^^^^^^
  File "C:\python_projects\FrameworkDjango\venv\Lib\site-packages\django\utils\decorators.py", line 186, in _view_wrapper
    response = view_func(request, *args, **kwargs)
               ^^^^^^^^^^^^^^^^^^^^^^^^^^^^^^^^^^^
  File "C:\python_projects\FrameworkDjango\venv\Lib\site-packages\django\contrib\admin\options.py", line 1804, in changeform_view
    return self._changeform_view(request, object_id, form_url, extra_context)
           ^^^^^^^^^^^^^^^^^^^^^^^^^^^^^^^^^^^^^^^^^^^^^^^^^^^^^^^^^^^^^^^^^^
  File "C:\python_projects\FrameworkDjango\venv\Lib\site-packages\django\contrib\admin\options.py", line 1839, in _changeform_view
    ModelForm = self.get_form(
                ^^^^^^^^^^^^^^
  File "C:\python_projects\FrameworkDjango\venv\Lib\site-packages\django\contrib\admin\options.py", line 839, in get_form
    raise FieldError(
django.core.exceptions.FieldError: Unknown field(s) (raiting) specified for Product. Check fields/fieldsets/exclude attributes of class ProductAdmin.
ERROR 2024-04-14 15:34:50,589 basehttp 9164 10860 "GET /admin/myapp5/product/2/change/?_changelist_filters=o%3D1.2.3 HTTP/1.1" 500 147097
INFO 2024-04-14 15:34:52,325 basehttp 9164 10860 "GET /admin/myapp5/product/?o=1.2.3 HTTP/1.1" 200 15437
ERROR 2024-04-14 15:34:56,596 log 9164 10860 Internal Server Error: /admin/myapp5/product/1/change/
Traceback (most recent call last):
  File "C:\python_projects\FrameworkDjango\venv\Lib\site-packages\django\contrib\admin\options.py", line 837, in get_form
    return modelform_factory(self.model, **defaults)
           ^^^^^^^^^^^^^^^^^^^^^^^^^^^^^^^^^^^^^^^^^
  File "C:\python_projects\FrameworkDjango\venv\Lib\site-packages\django\forms\models.py", line 652, in modelform_factory
    return type(form)(class_name, (form,), form_class_attrs)
           ^^^^^^^^^^^^^^^^^^^^^^^^^^^^^^^^^^^^^^^^^^^^^^^^^
  File "C:\python_projects\FrameworkDjango\venv\Lib\site-packages\django\forms\models.py", line 332, in __new__
    raise FieldError(message)
django.core.exceptions.FieldError: Unknown field(s) (raiting) specified for Product

During handling of the above exception, another exception occurred:

Traceback (most recent call last):
  File "C:\python_projects\FrameworkDjango\venv\Lib\site-packages\django\core\handlers\exception.py", line 55, in inner
    response = get_response(request)
               ^^^^^^^^^^^^^^^^^^^^^
  File "C:\python_projects\FrameworkDjango\venv\Lib\site-packages\django\core\handlers\base.py", line 197, in _get_response
    response = wrapped_callback(request, *callback_args, **callback_kwargs)
               ^^^^^^^^^^^^^^^^^^^^^^^^^^^^^^^^^^^^^^^^^^^^^^^^^^^^^^^^^^^^
  File "C:\python_projects\FrameworkDjango\venv\Lib\site-packages\django\contrib\admin\options.py", line 716, in wrapper
    return self.admin_site.admin_view(view)(*args, **kwargs)
           ^^^^^^^^^^^^^^^^^^^^^^^^^^^^^^^^^^^^^^^^^^^^^^^^^
  File "C:\python_projects\FrameworkDjango\venv\Lib\site-packages\django\utils\decorators.py", line 188, in _view_wrapper
    result = _process_exception(request, e)
             ^^^^^^^^^^^^^^^^^^^^^^^^^^^^^^
  File "C:\python_projects\FrameworkDjango\venv\Lib\site-packages\django\utils\decorators.py", line 186, in _view_wrapper
    response = view_func(request, *args, **kwargs)
               ^^^^^^^^^^^^^^^^^^^^^^^^^^^^^^^^^^^
  File "C:\python_projects\FrameworkDjango\venv\Lib\site-packages\django\views\decorators\cache.py", line 80, in _view_wrapper
    response = view_func(request, *args, **kwargs)
               ^^^^^^^^^^^^^^^^^^^^^^^^^^^^^^^^^^^
  File "C:\python_projects\FrameworkDjango\venv\Lib\site-packages\django\contrib\admin\sites.py", line 240, in inner
    return view(request, *args, **kwargs)
           ^^^^^^^^^^^^^^^^^^^^^^^^^^^^^^
  File "C:\python_projects\FrameworkDjango\venv\Lib\site-packages\django\contrib\admin\options.py", line 1948, in change_view
    return self.changeform_view(request, object_id, form_url, extra_context)
           ^^^^^^^^^^^^^^^^^^^^^^^^^^^^^^^^^^^^^^^^^^^^^^^^^^^^^^^^^^^^^^^^^
  File "C:\python_projects\FrameworkDjango\venv\Lib\site-packages\django\utils\decorators.py", line 48, in _wrapper
    return bound_method(*args, **kwargs)
           ^^^^^^^^^^^^^^^^^^^^^^^^^^^^^
  File "C:\python_projects\FrameworkDjango\venv\Lib\site-packages\django\utils\decorators.py", line 188, in _view_wrapper
    result = _process_exception(request, e)
             ^^^^^^^^^^^^^^^^^^^^^^^^^^^^^^
  File "C:\python_projects\FrameworkDjango\venv\Lib\site-packages\django\utils\decorators.py", line 186, in _view_wrapper
    response = view_func(request, *args, **kwargs)
               ^^^^^^^^^^^^^^^^^^^^^^^^^^^^^^^^^^^
  File "C:\python_projects\FrameworkDjango\venv\Lib\site-packages\django\contrib\admin\options.py", line 1804, in changeform_view
    return self._changeform_view(request, object_id, form_url, extra_context)
           ^^^^^^^^^^^^^^^^^^^^^^^^^^^^^^^^^^^^^^^^^^^^^^^^^^^^^^^^^^^^^^^^^^
  File "C:\python_projects\FrameworkDjango\venv\Lib\site-packages\django\contrib\admin\options.py", line 1839, in _changeform_view
    ModelForm = self.get_form(
                ^^^^^^^^^^^^^^
  File "C:\python_projects\FrameworkDjango\venv\Lib\site-packages\django\contrib\admin\options.py", line 839, in get_form
    raise FieldError(
django.core.exceptions.FieldError: Unknown field(s) (raiting) specified for Product. Check fields/fieldsets/exclude attributes of class ProductAdmin.
ERROR 2024-04-14 15:34:56,606 basehttp 9164 10860 "GET /admin/myapp5/product/1/change/?_changelist_filters=o%3D1.2.3 HTTP/1.1" 500 147091
INFO 2024-04-14 15:35:50,438 autoreload 9164 6240 C:\python_projects\FrameworkDjango\myproject\myapp5\admin.py changed, reloading.
INFO 2024-04-14 15:35:51,458 autoreload 13028 9740 Watching for file changes with StatReloader
INFO 2024-04-14 15:35:52,047 basehttp 13028 12868 "GET /admin/myapp5/product/1/change/?_changelist_filters=o%3D1.2.3 HTTP/1.1" 200 13967
INFO 2024-04-14 15:35:52,096 basehttp 13028 12868 "GET /admin/jsi18n/ HTTP/1.1" 200 17546
INFO 2024-04-14 15:39:19,008 autoreload 13028 9740 C:\python_projects\FrameworkDjango\myproject\myapp5\admin.py changed, reloading.
INFO 2024-04-14 15:39:20,578 autoreload 1832 7448 Watching for file changes with StatReloader
INFO 2024-04-14 16:08:43,721 autoreload 1832 7448 C:\python_projects\FrameworkDjango\myproject\myapp5\admin.py changed, reloading.
INFO 2024-04-14 16:08:45,119 autoreload 5928 1232 Watching for file changes with StatReloader
INFO 2024-04-14 16:09:46,988 autoreload 5928 1232 C:\python_projects\FrameworkDjango\myproject\myapp5\admin.py changed, reloading.
INFO 2024-04-14 16:09:48,460 autoreload 11756 6948 Watching for file changes with StatReloader
INFO 2024-04-14 16:10:03,680 autoreload 11756 6948 C:\python_projects\FrameworkDjango\myproject\myapp5\admin.py changed, reloading.
INFO 2024-04-14 16:10:04,746 autoreload 9760 13176 Watching for file changes with StatReloader
INFO 2024-04-14 16:11:31,841 autoreload 9760 13176 C:\python_projects\FrameworkDjango\myproject\myapp5\admin.py changed, reloading.
INFO 2024-04-14 16:11:33,839 autoreload 4692 4912 Watching for file changes with StatReloader
INFO 2024-04-14 21:43:53,777 autoreload 14332 7576 Watching for file changes with StatReloader
INFO 2024-04-14 21:45:35,786 autoreload 8020 6008 Watching for file changes with StatReloader
INFO 2024-04-14 21:48:26,339 autoreload 4064 10084 Watching for file changes with StatReloader
INFO 2024-04-14 21:51:32,296 autoreload 7380 8084 Watching for file changes with StatReloader
INFO 2024-04-14 21:51:37,639 basehttp 7380 3144 "GET / HTTP/1.1" 200 10118
INFO 2024-04-14 21:51:37,745 basehttp 7380 3144 "GET /static/debug_toolbar/css/toolbar.css HTTP/1.1" 200 12621
INFO 2024-04-14 21:51:37,747 basehttp 7380 13852 "GET /static/debug_toolbar/js/toolbar.js HTTP/1.1" 200 13578
INFO 2024-04-14 21:51:37,752 basehttp 7380 8820 "GET /static/debug_toolbar/css/print.css HTTP/1.1" 200 43
INFO 2024-04-14 21:51:37,816 basehttp 7380 8820 "GET /static/debug_toolbar/js/utils.js HTTP/1.1" 200 4527
WARNING 2024-04-14 21:51:38,098 log 7380 8820 Not Found: /favicon.ico
WARNING 2024-04-14 21:51:38,223 basehttp 7380 8820 "GET /favicon.ico HTTP/1.1" 404 12437
INFO 2024-04-14 21:52:50,926 basehttp 7380 10444 "GET /__debug__/render_panel/?store_id=a72d38bf00b24d8a88929e2b7b6960c3&panel_id=VersionsPanel HTTP/1.1" 200 760
INFO 2024-04-14 22:46:47,219 autoreload 8980 8396 Watching for file changes with StatReloader
INFO 2024-04-14 22:46:49,817 basehttp 8980 13720 "GET / HTTP/1.1" 200 10117
INFO 2024-04-14 22:46:49,871 basehttp 8980 13720 "GET /static/debug_toolbar/css/toolbar.css HTTP/1.1" 304 0
INFO 2024-04-14 22:46:49,872 basehttp 8980 11256 "GET /static/debug_toolbar/js/toolbar.js HTTP/1.1" 304 0
INFO 2024-04-14 22:46:49,904 basehttp 8980 11256 "GET /static/debug_toolbar/css/print.css HTTP/1.1" 304 0
INFO 2024-04-14 22:46:49,963 basehttp 8980 11256 "GET /static/debug_toolbar/js/utils.js HTTP/1.1" 304 0
INFO 2024-04-14 22:47:05,499 basehttp 8980 11256 "GET /les6/db/ HTTP/1.1" 200 10216
INFO 2024-04-14 23:02:41,653 autoreload 8980 8396 C:\python_projects\FrameworkDjango\myproject\myproject\settings.py changed, reloading.
INFO 2024-04-14 23:02:43,325 autoreload 9800 11856 Watching for file changes with StatReloader
INFO 2024-04-14 23:04:23,266 autoreload 9800 11856 C:\python_projects\FrameworkDjango\myproject\myproject\settings.py changed, reloading.
INFO 2024-04-14 23:04:24,888 autoreload 13260 7100 Watching for file changes with StatReloader
INFO 2024-04-14 23:15:24,795 autoreload 13260 7100 C:\python_projects\FrameworkDjango\myproject\myproject\settings.py changed, reloading.
INFO 2024-04-14 23:15:27,277 autoreload 13124 14304 Watching for file changes with StatReloader
INFO 2024-04-14 23:16:42,169 autoreload 13124 14304 C:\python_projects\FrameworkDjango\myproject\myproject\settings.py changed, reloading.
